  game_design.c
F:\GithubSpace\Game_2048.git\trunk\Game_2048\Game_2048\game_design.c(24,24): warning C4018:  “<=”: 有符号/无符号不匹配
F:\GithubSpace\Game_2048.git\trunk\Game_2048\Game_2048\game_design.c(26,26): warning C4018:  “<=”: 有符号/无符号不匹配
F:\GithubSpace\Game_2048.git\trunk\Game_2048\Game_2048\game_design.c(51,1): warning C4996:  'getch': The POSIX name for this item is deprecated. Instead, use the ISO C and C++ conformant name: _getch. See online help for details.
E:\Windows Kits\10\Include\10.0.17763.0\ucrt\conio.h(453): message :  参见“getch”的声明
F:\GithubSpace\Game_2048.git\trunk\Game_2048\Game_2048\game_design.c(69,1): warning C4996:  'getch': The POSIX name for this item is deprecated. Instead, use the ISO C and C++ conformant name: _getch. See online help for details.
E:\Windows Kits\10\Include\10.0.17763.0\ucrt\conio.h(453): message :  参见“getch”的声明
F:\GithubSpace\Game_2048.git\trunk\Game_2048\Game_2048\game_design.c(230,1): warning C4047:  “初始化”:“int *”与“int (*)[4]”的间接级别不同
F:\GithubSpace\Game_2048.git\trunk\Game_2048\Game_2048\game_design.c(505,19): warning C4244:  “=”: 从“time_t”转换到“long”，可能丢失数据
F:\GithubSpace\Game_2048.git\trunk\Game_2048\Game_2048\game_design.c(507,18): warning C4244:  “函数”: 从“time_t”转换到“unsigned int”，可能丢失数据
F:\GithubSpace\Game_2048.git\trunk\Game_2048\Game_2048\game_design.c(512,1): warning C4996:  'kbhit': The POSIX name for this item is deprecated. Instead, use the ISO C and C++ conformant name: _kbhit. See online help for details.
E:\Windows Kits\10\Include\10.0.17763.0\ucrt\conio.h(459): message :  参见“kbhit”的声明
F:\GithubSpace\Game_2048.git\trunk\Game_2048\Game_2048\game_design.c(514,1): warning C4996:  'getch': The POSIX name for this item is deprecated. Instead, use the ISO C and C++ conformant name: _getch. See online help for details.
E:\Windows Kits\10\Include\10.0.17763.0\ucrt\conio.h(453): message :  参见“getch”的声明
F:\GithubSpace\Game_2048.git\trunk\Game_2048\Game_2048\game_design.c(515,1): warning C4996:  'getch': The POSIX name for this item is deprecated. Instead, use the ISO C and C++ conformant name: _getch. See online help for details.
E:\Windows Kits\10\Include\10.0.17763.0\ucrt\conio.h(453): message :  参见“getch”的声明
F:\GithubSpace\Game_2048.git\trunk\Game_2048\Game_2048\game_design.c(543,1): warning C4996:  'scanf': This function or variable may be unsafe. Consider using scanf_s instead. To disable deprecation, use _CRT_SECURE_NO_WARNINGS. See online help for details.
  game_main.c
E:\Windows Kits\10\Include\10.0.17763.0\ucrt\stdio.h(1274): message :  参见“scanf”的声明
F:\GithubSpace\Game_2048.git\trunk\Game_2048\Game_2048\game_main.c(38,9): warning C4477:  “printf”: 格式字符串“%d”需要类型“int”的参数，但可变参数 1 拥有了类型“time_t”
F:\GithubSpace\Game_2048.git\trunk\Game_2048\Game_2048\game_main.c(38,9): message :  请考虑在格式字符串中使用“%lld”
  game_welcome.c
F:\GithubSpace\Game_2048.git\trunk\Game_2048\Game_2048\game_main.c(38,9): message :  请考虑在格式字符串中使用“%I64d”
F:\GithubSpace\Game_2048.git\trunk\Game_2048\Game_2048\game_welcome.c(74,1): warning C4996:  'scanf': This function or variable may be unsafe. Consider using scanf_s instead. To disable deprecation, use _CRT_SECURE_NO_WARNINGS. See online help for details.
  main.c
E:\Windows Kits\10\Include\10.0.17763.0\ucrt\stdio.h(1274): message :  参见“scanf”的声明
  public.c
  正在生成代码...
F:\GithubSpace\Game_2048.git\trunk\Game_2048\Game_2048\main.c(6,13): warning C4013:  “WelcomeGame”未定义；假设外部返回 int
  Game_2048.vcxproj -> F:\GithubSpace\Game_2048.git\trunk\Game_2048\Debug\Game_2048.exe
